{"C:\\Users\\angel\\OneDrive\\Escritorio\\reactLearn\\02-primeros-pasos\\src\\FirstSteps.tsx": {"path":"C:\\Users\\angel\\OneDrive\\Escritorio\\reactLearn\\02-primeros-pasos\\src\\FirstSteps.tsx","statementMap":{"0":{"start":{"line":8,"column":34},"end":{"line":12,"column":null}},"1":{"start":{"line":15,"column":2},"end":{"line":20,"column":39}},"2":{"start":{"line":19,"column":49},"end":{"line":20,"column":39}}},"fnMap":{"0":{"name":"FirstSteps","decl":{"start":{"line":14,"column":16},"end":{"line":14,"column":null}},"loc":{"start":{"line":14,"column":16},"end":{"line":28,"column":null}},"line":14},"1":{"name":"(anonymous_1)","decl":{"start":{"line":19,"column":23},"end":{"line":19,"column":24}},"loc":{"start":{"line":19,"column":49},"end":{"line":20,"column":39}},"line":19}},"branchMap":{},"s":{"0":1,"1":3,"2":9},"f":{"0":3,"1":9},"b":{},"meta":{"lastBranch":0,"lastFunction":2,"lastStatement":3,"seen":{"s:8:34:12:Infinity":0,"f:14:16:14:Infinity":0,"s:15:2:20:39":1,"f:19:23:19:24":1,"s:19:49:20:39":2},"fnNames":{}}}
,"C:\\Users\\angel\\OneDrive\\Escritorio\\reactLearn\\02-primeros-pasos\\src\\MyAwesomeApp.tsx": {"path":"C:\\Users\\angel\\OneDrive\\Escritorio\\reactLearn\\02-primeros-pasos\\src\\MyAwesomeApp.tsx","statementMap":{"0":{"start":{"line":1,"column":18},"end":{"line":1,"column":null}},"1":{"start":{"line":2,"column":17},"end":{"line":2,"column":null}},"2":{"start":{"line":4,"column":15},"end":{"line":4,"column":null}},"3":{"start":{"line":6,"column":17},"end":{"line":6,"column":null}},"4":{"start":{"line":8,"column":16},"end":{"line":11,"column":null}},"5":{"start":{"line":14,"column":2},"end":{"line":30,"column":null}}},"fnMap":{"0":{"name":"MyAwesomeApp","decl":{"start":{"line":13,"column":16},"end":{"line":13,"column":null}},"loc":{"start":{"line":13,"column":16},"end":{"line":34,"column":null}},"line":13}},"branchMap":{"0":{"loc":{"start":{"line":21,"column":11},"end":{"line":21,"column":null}},"type":"cond-expr","locations":[{"start":{"line":21,"column":22},"end":{"line":21,"column":37}},{"start":{"line":21,"column":37},"end":{"line":21,"column":null}}],"line":21}},"s":{"0":1,"1":1,"2":1,"3":1,"4":1,"5":4},"f":{"0":4},"b":{"0":[0,4]},"meta":{"lastBranch":1,"lastFunction":1,"lastStatement":6,"seen":{"s:1:18:1:Infinity":0,"s:2:17:2:Infinity":1,"s:4:15:4:Infinity":2,"s:6:17:6:Infinity":3,"s:8:16:11:Infinity":4,"f:13:16:13:Infinity":0,"s:14:2:30:Infinity":5,"b:21:22:21:37:21:37:21:Infinity":0},"fnNames":{}}}
,"C:\\Users\\angel\\OneDrive\\Escritorio\\reactLearn\\02-primeros-pasos\\src\\helpers\\math.helper.ts": {"path":"C:\\Users\\angel\\OneDrive\\Escritorio\\reactLearn\\02-primeros-pasos\\src\\helpers\\math.helper.ts","statementMap":{"0":{"start":{"line":3,"column":20},"end":{"line":6,"column":null}},"1":{"start":{"line":5,"column":4},"end":{"line":5,"column":null}},"2":{"start":{"line":8,"column":20},"end":{"line":10,"column":null}},"3":{"start":{"line":9,"column":4},"end":{"line":9,"column":null}},"4":{"start":{"line":12,"column":25},"end":{"line":14,"column":null}},"5":{"start":{"line":13,"column":4},"end":{"line":13,"column":null}},"6":{"start":{"line":16,"column":23},"end":{"line":18,"column":null}},"7":{"start":{"line":17,"column":4},"end":{"line":17,"column":null}}},"fnMap":{"0":{"name":"(anonymous_0)","decl":{"start":{"line":3,"column":20},"end":{"line":3,"column":21}},"loc":{"start":{"line":3,"column":31},"end":{"line":6,"column":null}},"line":3},"1":{"name":"(anonymous_1)","decl":{"start":{"line":8,"column":20},"end":{"line":8,"column":21}},"loc":{"start":{"line":8,"column":31},"end":{"line":10,"column":null}},"line":8},"2":{"name":"(anonymous_2)","decl":{"start":{"line":12,"column":25},"end":{"line":12,"column":26}},"loc":{"start":{"line":12,"column":36},"end":{"line":14,"column":null}},"line":12},"3":{"name":"(anonymous_3)","decl":{"start":{"line":16,"column":23},"end":{"line":16,"column":24}},"loc":{"start":{"line":16,"column":34},"end":{"line":18,"column":null}},"line":16}},"branchMap":{},"s":{"0":1,"1":1,"2":1,"3":2,"4":1,"5":2,"6":1,"7":1},"f":{"0":1,"1":2,"2":2,"3":1},"b":{},"meta":{"lastBranch":0,"lastFunction":4,"lastStatement":8,"seen":{"s:3:20:6:Infinity":0,"f:3:20:3:21":0,"s:5:4:5:Infinity":1,"s:8:20:10:Infinity":2,"f:8:20:8:21":1,"s:9:4:9:Infinity":3,"s:12:25:14:Infinity":4,"f:12:25:12:26":2,"s:13:4:13:Infinity":5,"s:16:23:18:Infinity":6,"f:16:23:16:24":3,"s:17:4:17:Infinity":7},"fnNames":{}}}
,"C:\\Users\\angel\\OneDrive\\Escritorio\\reactLearn\\02-primeros-pasos\\src\\shopping-cart\\ItemCounter.module.css": {"path":"C:\\Users\\angel\\OneDrive\\Escritorio\\reactLearn\\02-primeros-pasos\\src\\shopping-cart\\ItemCounter.module.css","statementMap":{},"fnMap":{},"branchMap":{},"s":{},"f":{},"b":{},"meta":{"lastBranch":0,"lastFunction":0,"lastStatement":0,"seen":{},"fnNames":{}}}
,"C:\\Users\\angel\\OneDrive\\Escritorio\\reactLearn\\02-primeros-pasos\\src\\shopping-cart\\ItemCounter.tsx": {"path":"C:\\Users\\angel\\OneDrive\\Escritorio\\reactLearn\\02-primeros-pasos\\src\\shopping-cart\\ItemCounter.tsx","statementMap":{"0":{"start":{"line":11,"column":27},"end":{"line":46,"column":null}},"1":{"start":{"line":12,"column":25},"end":{"line":12,"column":null}},"2":{"start":{"line":14,"column":20},"end":{"line":16,"column":null}},"3":{"start":{"line":15,"column":4},"end":{"line":15,"column":null}},"4":{"start":{"line":18,"column":20},"end":{"line":21,"column":null}},"5":{"start":{"line":19,"column":4},"end":{"line":19,"column":null}},"6":{"start":{"line":19,"column":21},"end":{"line":19,"column":null}},"7":{"start":{"line":20,"column":4},"end":{"line":20,"column":null}},"8":{"start":{"line":23,"column":2},"end":{"line":43,"column":null}}},"fnMap":{"0":{"name":"(anonymous_0)","decl":{"start":{"line":11,"column":27},"end":{"line":11,"column":28}},"loc":{"start":{"line":11,"column":57},"end":{"line":46,"column":null}},"line":11},"1":{"name":"(anonymous_1)","decl":{"start":{"line":14,"column":20},"end":{"line":14,"column":null}},"loc":{"start":{"line":14,"column":20},"end":{"line":16,"column":null}},"line":14},"2":{"name":"(anonymous_2)","decl":{"start":{"line":18,"column":20},"end":{"line":18,"column":null}},"loc":{"start":{"line":18,"column":20},"end":{"line":21,"column":null}},"line":18}},"branchMap":{"0":{"loc":{"start":{"line":11,"column":36},"end":{"line":11,"column":48}},"type":"default-arg","locations":[{"start":{"line":11,"column":47},"end":{"line":11,"column":48}}],"line":11},"1":{"loc":{"start":{"line":19,"column":4},"end":{"line":19,"column":null}},"type":"if","locations":[{"start":{"line":19,"column":4},"end":{"line":19,"column":null}},{"start":{},"end":{}}],"line":19},"2":{"loc":{"start":{"line":36,"column":17},"end":{"line":36,"column":null}},"type":"cond-expr","locations":[{"start":{"line":36,"column":31},"end":{"line":36,"column":39}},{"start":{"line":36,"column":39},"end":{"line":36,"column":null}}],"line":36}},"s":{"0":1,"1":8,"2":8,"3":1,"4":8,"5":2,"6":1,"7":1,"8":8},"f":{"0":8,"1":1,"2":2},"b":{"0":[8],"1":[1,1],"2":[0,8]},"meta":{"lastBranch":3,"lastFunction":3,"lastStatement":9,"seen":{"s:11:27:46:Infinity":0,"f:11:27:11:28":0,"b:11:47:11:48":0,"s:12:25:12:Infinity":1,"s:14:20:16:Infinity":2,"f:14:20:14:Infinity":1,"s:15:4:15:Infinity":3,"s:18:20:21:Infinity":4,"f:18:20:18:Infinity":2,"b:19:4:19:Infinity:undefined:undefined:undefined:undefined":1,"s:19:4:19:Infinity":5,"s:19:21:19:Infinity":6,"s:20:4:20:Infinity":7,"s:23:2:43:Infinity":8,"b:36:31:36:39:36:39:36:Infinity":2},"fnNames":{}}}
}
